Thu Dec 07 00:20:42 GMT 2017 : Apache Derby Network Server - 10.11.1.2 - (1629631) started and ready to accept connections on port 1527
----------------------------------------------------------------
Thu Dec 07 00:20:43 GMT 2017:
Booting Derby version The Apache Software Foundation - Apache Derby - 10.11.1.2 - (1629631): instance a816c00e-0160-2e58-7113-ffffeb514584 
on database directory C:\Users\Warren Elliott\Documents\NetBeansProjects\SCM_system\SCM_SYSTEM with class loader sun.misc.Launcher$AppClassLoader@6f94fa3e 
Loaded from file:/C:/Program%20Files/Java/jdk1.8.0_121/db/lib/derby.jar
java.vendor=Oracle Corporation
java.runtime.version=1.8.0_121-b13
user.dir=C:\Program Files\Java\jdk1.8.0_121\db
os.name=Windows 8.1
os.arch=amd64
os.version=6.3
derby.system.home=C:\Users\Warren Elliott\Documents\NetBeansProjects\SCM_system
Database Class Loader started - derby.database.classpath=''
----------------------------------------------------------------
Thu Dec 07 00:39:17 GMT 2017: Shutting down Derby engine
----------------------------------------------------------------
Thu Dec 07 00:39:18 GMT 2017:
Shutting down instance a816c00e-0160-2e58-7113-ffffeb514584 on database directory C:\Users\Warren Elliott\Documents\NetBeansProjects\SCM_system\SCM_SYSTEM with class loader sun.misc.Launcher$AppClassLoader@6f94fa3e 
----------------------------------------------------------------
